<?xml version="1.0" encoding="UTF-8"?>
<testng-results skipped="0" failed="0" ignored="0" total="1" passed="1">
  <reporter-output>
  </reporter-output>
  <suite name="Default suite" duration-ms="76" started-at="2022-09-14T17:05:20 IST" finished-at="2022-09-14T17:05:20 IST">
    <groups>
    </groups>
    <test name="Default test" duration-ms="76" started-at="2022-09-14T17:05:20 IST" finished-at="2022-09-14T17:05:20 IST">
      <class name="testNG.Maven.ValidateTeam.ValidateTeamExample">
        <test-method status="PASS" signature="exampleOfTestNgMaven()[pri:0, instance:testNG.Maven.ValidateTeam.ValidateTeamExample@7f13d6e]" name="exampleOfTestNgMaven" duration-ms="20" started-at="2022-09-14T17:05:20 IST" finished-at="2022-09-14T17:05:20 IST">
          <reporter-output>
          </reporter-output>
        </test-method> <!-- exampleOfTestNgMaven -->
      </class> <!-- testNG.Maven.ValidateTeam.ValidateTeamExample -->
    </test> <!-- Default test -->
  </suite> <!-- Default suite -->
</testng-results>
